-------------------------------------------------------------------------------
Test set: hello.HelloControllerTest
-------------------------------------------------------------------------------
Tests run: 1, Failures: 1, Errors: 0, Skipped: 0, Time elapsed: 2.668 s <<< FAILURE! - in hello.HelloControllerTest
getHello(hello.HelloControllerTest)  Time elapsed: 0.152 s  <<< FAILURE!
java.lang.AssertionError: Status expected:<200> but was:<404>
	at hello.HelloControllerTest.getHello(HelloControllerTest.java:28)

