-------------------------------------------------------------------------------
Test set: org.szhang.personal.podscraper.repositories.PodcastAppTest
-------------------------------------------------------------------------------
Tests run: 7, Failures: 5, Errors: 2, Skipped: 0, Time elapsed: 11.59 s <<< FAILURE! - in org.szhang.personal.podscraper.repositories.PodcastAppTest
testGetRecsGivenPodcastName(org.szhang.personal.podscraper.repositories.PodcastAppTest)  Time elapsed: 2.656 s  <<< FAILURE!
java.lang.AssertionError: expected:<12> but was:<0>
	at org.szhang.personal.podscraper.repositories.PodcastAppTest.testGetRecsGivenPodcastName(PodcastAppTest.java:36)

testGetPodcastById(org.szhang.personal.podscraper.repositories.PodcastAppTest)  Time elapsed: 0.459 s  <<< ERROR!
java.lang.NullPointerException
	at org.szhang.personal.podscraper.repositories.PodcastAppTest.testGetPodcastById(PodcastAppTest.java:80)

testGetMySavedPodcasts(org.szhang.personal.podscraper.repositories.PodcastAppTest)  Time elapsed: 0.467 s  <<< FAILURE!
java.lang.AssertionError: expected:<1> but was:<0>
	at org.szhang.personal.podscraper.repositories.PodcastAppTest.testGetMySavedPodcasts(PodcastAppTest.java:108)

testGetRecsBasedOnSearch(org.szhang.personal.podscraper.repositories.PodcastAppTest)  Time elapsed: 0.54 s  <<< FAILURE!
java.lang.AssertionError: expected:<5> but was:<15>
	at org.szhang.personal.podscraper.repositories.PodcastAppTest.testGetRecsBasedOnSearch(PodcastAppTest.java:97)

testGetPodcastByName(org.szhang.personal.podscraper.repositories.PodcastAppTest)  Time elapsed: 0.427 s  <<< ERROR!
java.lang.NullPointerException
	at org.szhang.personal.podscraper.repositories.PodcastAppTest.testGetPodcastByName(PodcastAppTest.java:66)

testGetPodcastsGivenWordsOr(org.szhang.personal.podscraper.repositories.PodcastAppTest)  Time elapsed: 0.464 s  <<< FAILURE!
java.lang.AssertionError: expected:<3> but was:<2>
	at org.szhang.personal.podscraper.repositories.PodcastAppTest.testGetPodcastsGivenWordsOr(PodcastAppTest.java:46)

testGetPodcastsGivenWordsAnd(org.szhang.personal.podscraper.repositories.PodcastAppTest)  Time elapsed: 0.453 s  <<< FAILURE!
java.lang.AssertionError: expected:<6> but was:<7>
	at org.szhang.personal.podscraper.repositories.PodcastAppTest.testGetPodcastsGivenWordsAnd(PodcastAppTest.java:56)

